-------------------------------------------------------------------------------
Test set: TestSuite
-------------------------------------------------------------------------------
Tests run: 2, Failures: 1, Errors: 0, Skipped: 0, Time elapsed: 36.186 s <<< FAILURE! - in TestSuite
cucumberOptions.TestNGTestRunner.runScenario["Search Exprience for product search in both home and offer page", "Search and Place the order for products"](1)  Time elapsed: 31.408 s  <<< FAILURE!
java.lang.AssertionError: expected [Beetroot] but found [No data]

